<?xml version="1.0" encoding="UTF-8"?>
<!-- Generated by org.testng.reporters.JUnitReportReporter -->
<testsuite hostname="hp-ПК" name="ru.st.selenium.TestLogInPhp4dvd" tests="1" failures="0" timestamp="20 Apr 2015 11:59:32 GMT" time="8.227" errors="0">
  <testcase name="testUntitled" time="8.227" classname="ru.st.selenium.TestLogInPhp4dvd"/>
</testsuite> <!-- ru.st.selenium.TestLogInPhp4dvd -->
